<?xml version="1.0" encoding="UTF-8"?>
<!DOCTYPE tp:taxon-treatment SYSTEM "file:/Users/thc4/Github/TaxPub/tax-treatment-NS0-v1.dtd">
<tp:taxon-treatment xmlns:tp="http://www.plazi.org/taxpub">
    
</tp:taxon-treatment>